<?xml version="1.0" encoding="UTF-8"?>
<!-- Generated by org.testng.reporters.JUnitXMLReporter -->
<testsuite ignored="2" hostname="HP" failures="0" tests="7" name="Test-Chrome" time="77.328" errors="0" timestamp="2025-09-08T15:55:18 IST">
  <testcase classname="ParallelExecution.CreateContactTest" name="CreateContactWithDate" time="7.615"/>
  <testcase classname="ParallelExecution.CreateContactTest" name="CreateContactWithOrgTest" time="21.464"/>
  <testcase classname="ParallelExecution.CreateContactTest" name="createContact" time="5.188"/>
  <testcase classname="ParallelExecution.CreateOrgTest" name="CreateOrgWithIndustry" time="6.975"/>
  <testcase classname="ParallelExecution.CreateOrgTest" name="DeleteOrgTest" time="6.767"/>
  <testcase classname="ParallelExecution.CreateOrgTest" name="OrgWithPhoneNo" time="6.929"/>
  <testcase classname="ParallelExecution.CreateOrgTest" name="createOrganization" time="5.011"/>
  <testcase classname="Baseclass.BaseClass" name="@BeforeSuite configBS" time="0.0">
    <ignored/>
  </testcase> <!-- @BeforeSuite configBS -->
  <testcase classname="Baseclass.BaseClass" name="@AfterSuite configAS" time="0.0">
    <ignored/>
  </testcase> <!-- @AfterSuite configAS -->
</testsuite> <!-- Test-Chrome -->
