<?xml version="1.0" encoding="UTF-8"?>
<!-- Generated by org.testng.reporters.JUnitReportReporter -->
<testsuite hostname="HP" failures="0" tests="3" name="ExtentReport.CreateContactTest" time="62.407" errors="0" timestamp="2025-09-24T16:03:06 IST" skipped="0">
  <testcase classname="ExtentReport.CreateContactTest" name="CreateContactWithOrgTest" time="34.397"/>
  <testcase classname="ExtentReport.CreateContactTest" name="createContact" time="13.540"/>
  <testcase classname="ExtentReport.CreateContactTest" name="CreateContactWithDate" time="14.470"/>
</testsuite> <!-- ExtentReport.CreateContactTest -->
