<?xml version="1.0" encoding="UTF-8"?>
<!-- Generated by org.testng.reporters.JUnitReportReporter -->
<testsuite hostname="HP" failures="0" tests="1" name="AutoHealing.SampleTestWithPom" time="4.018" errors="0" timestamp="2025-09-01T15:24:16 IST" skipped="0">
  <testcase classname="AutoHealing.SampleTestWithPom" name="sampleTest" time="4.018"/>
</testsuite> <!-- AutoHealing.SampleTestWithPom -->
