<?xml version="1.0" encoding="UTF-8"?>
<!-- Generated by org.testng.reporters.JUnitReportReporter -->
<testsuite hostname="HP" failures="0" tests="3" name="TestNG.GetProductInfoTest" time="29.820" errors="0" timestamp="2025-09-03T15:05:20 IST" skipped="0">
  <testcase classname="TestNG.GetProductInfoTest" name="createContactTest" time="9.202"/>
  <testcase classname="TestNG.GetProductInfoTest" name="createContactTest" time="11.269"/>
  <testcase classname="TestNG.GetProductInfoTest" name="createContactTest" time="9.349"/>
</testsuite> <!-- TestNG.GetProductInfoTest -->
