<?xml version="1.0" encoding="UTF-8"?>
<!-- Generated by org.testng.reporters.JUnitReportReporter -->
<testsuite hostname="HP" failures="0" tests="1" name="ConfigAnnotation.CreateOrgTest" time="11.702" errors="0" timestamp="2025-09-19T16:19:15 IST" skipped="0">
  <testcase classname="ConfigAnnotation.CreateOrgTest" name="DeleteOrgTest" time="11.702"/>
</testsuite> <!-- ConfigAnnotation.CreateOrgTest -->
