<?xml version="1.0" encoding="UTF-8"?>
<!-- Generated by org.testng.reporters.JUnitReportReporter -->
<testsuite hostname="HP" failures="0" tests="4" name="ExtentReport.CreateOrgTest" time="65.754" errors="0" timestamp="2025-09-24T16:03:06 IST" skipped="0">
  <testcase classname="ExtentReport.CreateOrgTest" name="createOrganization" time="13.189"/>
  <testcase classname="ExtentReport.CreateOrgTest" name="DeleteOrgTest" time="19.293"/>
  <testcase classname="ExtentReport.CreateOrgTest" name="OrgWithPhoneNo" time="19.005"/>
  <testcase classname="ExtentReport.CreateOrgTest" name="CreateOrgWithIndustry" time="14.267"/>
</testsuite> <!-- ExtentReport.CreateOrgTest -->
