<?xml version="1.0" encoding="UTF-8"?>
<!-- Generated by org.testng.reporters.JUnitReportReporter -->
<testsuite hostname="HP" failures="0" tests="1" name="GroupExecution.CreateOrgTest" time="10.918" errors="0" timestamp="2025-09-12T16:09:03 IST" skipped="0">
  <testcase classname="GroupExecution.CreateOrgTest" name="createOrganization" time="10.918"/>
</testsuite> <!-- GroupExecution.CreateOrgTest -->
