<?xml version="1.0" encoding="UTF-8"?>
<!-- Generated by org.testng.reporters.JUnitReportReporter -->
<testsuite hostname="HP" failures="0" tests="3" name="ExtentReport.CreateContactTest" time="46.602" errors="0" timestamp="2025-09-10T18:02:11 IST" skipped="0">
  <testcase classname="ExtentReport.CreateContactTest" name="CreateContactWithOrgTest" time="27.020"/>
  <testcase classname="ExtentReport.CreateContactTest" name="createContact" time="8.635"/>
  <testcase classname="ExtentReport.CreateContactTest" name="CreateContactWithDate" time="10.947"/>
</testsuite> <!-- ExtentReport.CreateContactTest -->
