<?xml version="1.0" encoding="UTF-8"?>
<!-- Generated by org.testng.reporters.JUnitReportReporter -->
<testsuite hostname="HP" failures="0" tests="1" name="ListnerAndReRun.ReRunTest" time="0.016" errors="0" timestamp="2025-09-09T15:27:13 IST" skipped="0">
  <testcase classname="ListnerAndReRun.ReRunTest" name="activateSim" time="0.016"/>
</testsuite> <!-- ListnerAndReRun.ReRunTest -->
