<?xml version="1.0" encoding="UTF-8"?>
<!-- Generated by org.testng.reporters.JUnitReportReporter -->
<testsuite hostname="HP" failures="0" tests="1" name="ConfigAnnotation.CreateContactTest" time="26.435" errors="0" timestamp="2025-09-19T17:37:15 IST" skipped="0">
  <testcase classname="ConfigAnnotation.CreateContactTest" name="createContact" time="26.435"/>
</testsuite> <!-- ConfigAnnotation.CreateContactTest -->
