<?xml version="1.0" encoding="UTF-8"?>
<!-- Generated by org.testng.reporters.JUnitReportReporter -->
<testsuite hostname="HP" failures="0" tests="5" name="ExtentReport.CreateProductAndTroubleTicket" time="54.892" errors="0" timestamp="2025-09-10T18:02:11 IST" skipped="0">
  <testcase classname="ExtentReport.CreateProductAndTroubleTicket" name="CreateProductSalesDate" time="8.212"/>
  <testcase classname="ExtentReport.CreateProductAndTroubleTicket" name="CreateProductAndTroubleTickettest" time="18.434"/>
  <testcase classname="ExtentReport.CreateProductAndTroubleTicket" name="CreateProductSalesAndSupport" time="9.611"/>
  <testcase classname="ExtentReport.CreateProductAndTroubleTicket" name="CreateTroubleTicketTest" time="11.254"/>
  <testcase classname="ExtentReport.CreateProductAndTroubleTicket" name="CreateProductTest" time="7.381"/>
</testsuite> <!-- ExtentReport.CreateProductAndTroubleTicket -->
