<?xml version="1.0" encoding="UTF-8"?>
<!-- Generated by org.testng.reporters.JUnitReportReporter -->
<testsuite hostname="HP" failures="0" tests="4" name="ParallelExecution.CreateOrgTest" time="74.738" errors="0" timestamp="2025-09-16T16:20:11 IST" skipped="0">
  <testcase classname="ParallelExecution.CreateOrgTest" name="createOrganization" time="15.304"/>
  <testcase classname="ParallelExecution.CreateOrgTest" name="CreateOrgWithIndustry" time="22.326"/>
  <testcase classname="ParallelExecution.CreateOrgTest" name="OrgWithPhoneNo" time="20.014"/>
  <testcase classname="ParallelExecution.CreateOrgTest" name="DeleteOrgTest" time="17.094"/>
</testsuite> <!-- ParallelExecution.CreateOrgTest -->
