<?xml version="1.0" encoding="UTF-8"?>
<!-- Generated by org.testng.reporters.JUnitReportReporter -->
<testsuite hostname="HP" failures="0" tests="5" name="ExtentReport.CreateProductAndTroubleTicket" time="81.228" errors="0" timestamp="2025-09-24T16:03:06 IST" skipped="0">
  <testcase classname="ExtentReport.CreateProductAndTroubleTicket" name="CreateProductSalesDate" time="12.659"/>
  <testcase classname="ExtentReport.CreateProductAndTroubleTicket" name="CreateProductAndTroubleTickettest" time="27.189"/>
  <testcase classname="ExtentReport.CreateProductAndTroubleTicket" name="CreateProductTest" time="13.467"/>
  <testcase classname="ExtentReport.CreateProductAndTroubleTicket" name="CreateProductSalesAndSupport" time="12.912"/>
  <testcase classname="ExtentReport.CreateProductAndTroubleTicket" name="CreateTroubleTicketTest" time="15.001"/>
</testsuite> <!-- ExtentReport.CreateProductAndTroubleTicket -->
