<?xml version="1.0" encoding="UTF-8"?>
<!-- Generated by org.testng.reporters.JUnitReportReporter -->
<testsuite hostname="HP" failures="0" tests="3" name="ParallelExecution.CreateContactTest" time="69.903" errors="0" timestamp="2025-09-16T16:20:11 IST" skipped="0">
  <testcase classname="ParallelExecution.CreateContactTest" name="createContact" time="17.905"/>
  <testcase classname="ParallelExecution.CreateContactTest" name="CreateContactWithOrgTest" time="32.941"/>
  <testcase classname="ParallelExecution.CreateContactTest" name="CreateContactWithDate" time="19.057"/>
</testsuite> <!-- ParallelExecution.CreateContactTest -->
